<?xml version="1.0" encoding="UTF-8"?>
<!-- Generated by org.testng.reporters.JUnitReportReporter -->
<testsuite hostname="Saifuls-MacBook-Pro.local" failures="0" tests="3" name="parallalTest.FieldValidationTest" time="0.011" errors="0" timestamp="2022-11-25T02:39:32 EST" skipped="0">
  <testcase classname="parallalTest.FieldValidationTest" name="testLoginButtonClickable" time="0.002"/>
  <system-out/>
  <testcase classname="parallalTest.FieldValidationTest" name="testLoginButton" time="0.007"/>
  <system-out/>
  <testcase classname="parallalTest.FieldValidationTest" name="testLoginButtonEnabled" time="0.002"/>
  <system-out/>
</testsuite> <!-- parallalTest.FieldValidationTest -->
