<?xml version="1.0" encoding="UTF-8"?>
<!-- Generated by org.testng.reporters.JUnitReportReporter -->
<testsuite hostname="Saifuls-MacBook-Pro.local" failures="0" tests="3" name="testNG.FirstTestCase" time="0.010" errors="0" timestamp="2022-10-06T22:43:18 EDT" skipped="1">
  <testcase classname="testNG.FirstTestCase" name="setup" time="0.006"/>
  <system-out/>
  <testcase classname="testNG.FirstTestCase" name="tearDown" time="0.004"/>
  <system-out/>
  <testcase classname="testNG.FirstTestCase" name="login">
    <skipped/>
  </testcase> <!-- login -->
  <system-out/>
</testsuite> <!-- testNG.FirstTestCase -->
